[debug] [2022-03-12T16:55:53.337Z] ----------------------------------------------------------------------
[debug] [2022-03-12T16:55:53.339Z] Command:       /Users/jiwon/.nvm/versions/node/v14.18.3/bin/node /Users/jiwon/.nvm/versions/node/v14.18.3/bin/firebase deploy
[debug] [2022-03-12T16:55:53.339Z] CLI Version:   10.2.2
[debug] [2022-03-12T16:55:53.339Z] Platform:      darwin
[debug] [2022-03-12T16:55:53.339Z] Node Version:  v14.18.3
[debug] [2022-03-12T16:55:53.340Z] Time:          Sun Mar 13 2022 01:55:53 GMT+0900 (대한민국 표준시)
[debug] [2022-03-12T16:55:53.340Z] ----------------------------------------------------------------------
[debug] 
[debug] [2022-03-12T16:55:53.390Z] > command requires scopes: ["email","openid","https://www.googleapis.com/auth/cloudplatformprojects.readonly","https://www.googleapis.com/auth/firebase","https://www.googleapis.com/auth/cloud-platform"]
[debug] [2022-03-12T16:55:53.390Z] > authorizing via signed-in user (park@jiwon.me)
[debug] [2022-03-12T16:55:53.391Z] [iam] checking project ramble-camp for permissions ["firebase.projects.get","firebasehosting.sites.update"]
[debug] [2022-03-12T16:55:53.392Z] > refreshing access token with scopes: []
[debug] [2022-03-12T16:55:53.392Z] >>> HTTP REQUEST POST https://www.googleapis.com/oauth2/v3/token  
 <request body omitted>
[debug] [2022-03-12T16:55:53.711Z] <<< HTTP RESPONSE 200 {"expires":"Mon, 01 Jan 1990 00:00:00 GMT","date":"Sat, 12 Mar 2022 16:55:53 GMT","cache-control":"no-cache, no-store, max-age=0, must-revalidate","pragma":"no-cache","content-type":"application/json; charset=utf-8","vary":"X-Origin, Referer, Origin,Accept-Encoding","server":"scaffolding on HTTPServer2","x-xss-protection":"0","x-frame-options":"SAMEORIGIN","x-content-type-options":"nosniff","alt-svc":"h3=\":443\"; ma=2592000,h3-29=\":443\"; ma=2592000,h3-Q050=\":443\"; ma=2592000,h3-Q046=\":443\"; ma=2592000,h3-Q043=\":443\"; ma=2592000,quic=\":443\"; ma=2592000; v=\"46,43\"","accept-ranges":"none","transfer-encoding":"chunked"}
[debug] [2022-03-12T16:55:53.758Z] >>> [apiv2][query] POST https://cloudresourcemanager.googleapis.com/v1/projects/ramble-camp:testIamPermissions [none]
[debug] [2022-03-12T16:55:53.758Z] >>> [apiv2][body] POST https://cloudresourcemanager.googleapis.com/v1/projects/ramble-camp:testIamPermissions {"permissions":["firebase.projects.get","firebasehosting.sites.update"]}
[debug] [2022-03-12T16:55:54.588Z] <<< [apiv2][status] POST https://cloudresourcemanager.googleapis.com/v1/projects/ramble-camp:testIamPermissions 200
[debug] [2022-03-12T16:55:54.588Z] <<< [apiv2][body] POST https://cloudresourcemanager.googleapis.com/v1/projects/ramble-camp:testIamPermissions {"permissions":["firebase.projects.get","firebasehosting.sites.update"]}
[debug] [2022-03-12T16:55:54.589Z] >>> [apiv2][query] GET https://firebase.googleapis.com/v1beta1/projects/ramble-camp [none]
[debug] [2022-03-12T16:55:55.261Z] <<< [apiv2][status] GET https://firebase.googleapis.com/v1beta1/projects/ramble-camp 200
[debug] [2022-03-12T16:55:55.261Z] <<< [apiv2][body] GET https://firebase.googleapis.com/v1beta1/projects/ramble-camp {"projectId":"ramble-camp","projectNumber":"735667996789","displayName":"ramble-camp","name":"projects/ramble-camp","resources":{"hostingSite":"ramble-camp"},"state":"ACTIVE"}
[info] 
[info] === Deploying to 'ramble-camp'...
[info] 
[info] i  deploying hosting 
[debug] [2022-03-12T16:55:55.263Z] >>> [apiv2][query] GET https://firebase.googleapis.com/v1beta1/projects/ramble-camp [none]
[debug] [2022-03-12T16:55:55.619Z] <<< [apiv2][status] GET https://firebase.googleapis.com/v1beta1/projects/ramble-camp 200
[debug] [2022-03-12T16:55:55.619Z] <<< [apiv2][body] GET https://firebase.googleapis.com/v1beta1/projects/ramble-camp {"projectId":"ramble-camp","projectNumber":"735667996789","displayName":"ramble-camp","name":"projects/ramble-camp","resources":{"hostingSite":"ramble-camp"},"state":"ACTIVE"}
[debug] [2022-03-12T16:55:55.621Z] >>> [apiv2][query] POST https://firebasehosting.googleapis.com/v1beta1/projects/735667996789/sites/ramble-camp/versions [none]
[debug] [2022-03-12T16:55:55.621Z] >>> [apiv2][body] POST https://firebasehosting.googleapis.com/v1beta1/projects/735667996789/sites/ramble-camp/versions {"config":{"rewrites":[{"glob":"**","path":"/index.html"}]},"labels":{"deployment-tool":"cli-firebase"}}
[debug] [2022-03-12T16:55:56.493Z] <<< [apiv2][status] POST https://firebasehosting.googleapis.com/v1beta1/projects/735667996789/sites/ramble-camp/versions 200
[debug] [2022-03-12T16:55:56.493Z] <<< [apiv2][body] POST https://firebasehosting.googleapis.com/v1beta1/projects/735667996789/sites/ramble-camp/versions {"name":"projects/735667996789/sites/ramble-camp/versions/db609ca91cd96e5d","status":"CREATED","config":{"rewrites":[{"glob":"**","path":"/index.html"}]},"labels":{"deployment-tool":"cli-firebase"}}
[info] i  hosting[ramble-camp]: beginning deploy... 
[info] i  hosting[ramble-camp]: found 3 files in dist 
[debug] [2022-03-12T16:55:56.554Z] [hosting] hash cache [ZGlzdA] stored for 3 files
[debug] [2022-03-12T16:55:56.554Z] [hosting][hash queue][FINAL] {"max":45,"min":4,"avg":25.666666666666668,"active":0,"complete":3,"success":3,"errored":0,"retried":0,"total":3,"elapsed":48}
[debug] [2022-03-12T16:55:56.555Z] >>> [apiv2][query] POST https://firebasehosting.googleapis.com/v1beta1/projects/735667996789/sites/ramble-camp/versions/db609ca91cd96e5d:populateFiles [none]
[debug] [2022-03-12T16:55:56.555Z] >>> [apiv2][body] POST https://firebasehosting.googleapis.com/v1beta1/projects/735667996789/sites/ramble-camp/versions/db609ca91cd96e5d:populateFiles {"files":{"/index.html":"3947f19e2f275a2d9b8a05d2e69640322a30df1595f5a8beb2c6d54971d08820","/index.js":"afd55542e7a1f80748ca5256c9e633f8b3b02cde1855f0e326ed87d7fdc6466f","/index.js.map":"b32d90928c999a92a209b9c7ba6af635b7e6ef6cc0350a1bccf4454e79cba782"}}
[debug] [2022-03-12T16:55:57.617Z] <<< [apiv2][status] POST https://firebasehosting.googleapis.com/v1beta1/projects/735667996789/sites/ramble-camp/versions/db609ca91cd96e5d:populateFiles 200
[debug] [2022-03-12T16:55:57.617Z] <<< [apiv2][body] POST https://firebasehosting.googleapis.com/v1beta1/projects/735667996789/sites/ramble-camp/versions/db609ca91cd96e5d:populateFiles {"uploadRequiredHashes":["afd55542e7a1f80748ca5256c9e633f8b3b02cde1855f0e326ed87d7fdc6466f","b32d90928c999a92a209b9c7ba6af635b7e6ef6cc0350a1bccf4454e79cba782"],"uploadUrl":"https://upload-firebasehosting.googleapis.com/upload/sites/ramble-camp/versions/db609ca91cd96e5d/files"}
[debug] [2022-03-12T16:55:57.618Z] >>> [apiv2][query] POST https://upload-firebasehosting.googleapis.com/upload/sites/ramble-camp/versions/db609ca91cd96e5d/files/afd55542e7a1f80748ca5256c9e633f8b3b02cde1855f0e326ed87d7fdc6466f [none]
[debug] [2022-03-12T16:55:57.619Z] >>> [apiv2][body] POST https://upload-firebasehosting.googleapis.com/upload/sites/ramble-camp/versions/db609ca91cd96e5d/files/afd55542e7a1f80748ca5256c9e633f8b3b02cde1855f0e326ed87d7fdc6466f [stream]
[debug] [2022-03-12T16:55:57.620Z] >>> [apiv2][query] POST https://upload-firebasehosting.googleapis.com/upload/sites/ramble-camp/versions/db609ca91cd96e5d/files/b32d90928c999a92a209b9c7ba6af635b7e6ef6cc0350a1bccf4454e79cba782 [none]
[debug] [2022-03-12T16:55:57.620Z] >>> [apiv2][body] POST https://upload-firebasehosting.googleapis.com/upload/sites/ramble-camp/versions/db609ca91cd96e5d/files/b32d90928c999a92a209b9c7ba6af635b7e6ef6cc0350a1bccf4454e79cba782 [stream]
[debug] [2022-03-12T16:55:57.621Z] [hosting][populate queue][FINAL] {"max":1065,"min":1065,"avg":1065,"active":0,"complete":1,"success":1,"errored":0,"retried":0,"total":1,"elapsed":1068}
[debug] [2022-03-12T16:55:57.622Z] [hosting] uploads queued: 2
[debug] [2022-03-12T16:56:00.397Z] <<< [apiv2][status] POST https://upload-firebasehosting.googleapis.com/upload/sites/ramble-camp/versions/db609ca91cd96e5d/files/b32d90928c999a92a209b9c7ba6af635b7e6ef6cc0350a1bccf4454e79cba782 200
[debug] [2022-03-12T16:56:00.398Z] <<< [apiv2][body] POST https://upload-firebasehosting.googleapis.com/upload/sites/ramble-camp/versions/db609ca91cd96e5d/files/b32d90928c999a92a209b9c7ba6af635b7e6ef6cc0350a1bccf4454e79cba782 [stream]
[debug] [2022-03-12T16:56:00.788Z] <<< [apiv2][status] POST https://upload-firebasehosting.googleapis.com/upload/sites/ramble-camp/versions/db609ca91cd96e5d/files/afd55542e7a1f80748ca5256c9e633f8b3b02cde1855f0e326ed87d7fdc6466f 200
[debug] [2022-03-12T16:56:00.788Z] <<< [apiv2][body] POST https://upload-firebasehosting.googleapis.com/upload/sites/ramble-camp/versions/db609ca91cd96e5d/files/afd55542e7a1f80748ca5256c9e633f8b3b02cde1855f0e326ed87d7fdc6466f [stream]
[debug] [2022-03-12T16:56:00.788Z] [hosting][upload queue][FINAL] {"max":3171,"min":2780,"avg":2975.5,"active":0,"complete":2,"success":2,"errored":0,"retried":0,"total":2,"elapsed":3171}
[info] ✔  hosting[ramble-camp]: file upload complete 
[debug] [2022-03-12T16:56:00.789Z] [hosting] deploy completed after 4294ms
[debug] [2022-03-12T16:56:00.792Z] [
  {
    "config": {
      "public": "dist",
      "ignore": [
        "firebase.json",
        "**/.*",
        "**/node_modules/**"
      ],
      "rewrites": [
        {
          "source": "**",
          "destination": "/index.html"
        }
      ],
      "site": "ramble-camp"
    },
    "site": "ramble-camp",
    "version": "projects/735667996789/sites/ramble-camp/versions/db609ca91cd96e5d"
  }
]
[info] i  hosting[ramble-camp]: finalizing version... 
[debug] [2022-03-12T16:56:00.792Z] >>> [apiv2][query] PATCH https://firebasehosting.googleapis.com/v1beta1/projects/735667996789/sites/ramble-camp/versions/db609ca91cd96e5d updateMask=status
[debug] [2022-03-12T16:56:00.793Z] >>> [apiv2][body] PATCH https://firebasehosting.googleapis.com/v1beta1/projects/735667996789/sites/ramble-camp/versions/db609ca91cd96e5d {"status":"FINALIZED"}
